<?xml version="1.0" encoding="UTF-8"?>
<testng-results ignored="0" total="1" passed="1" failed="0" skipped="0">
  <reporter-output>
  </reporter-output>
  <suite started-at="2023-11-30T16:21:45 IST" name="Default suite" finished-at="2023-11-30T16:22:19 IST" duration-ms="33727">
    <groups>
      <group name="Regression">
        <method signature="EditDashboard_To_Allrestaurants_Admin_Integration_Test.editDashboard_To_Allrestaurants_Admin_Integration_Test()[pri:0, instance:com.HungerMantra.Restaurants.EditDashboard_To_Allrestaurants_Admin_Integration_Test@4afcd809]" name="editDashboard_To_Allrestaurants_Admin_Integration_Test" class="com.HungerMantra.Restaurants.EditDashboard_To_Allrestaurants_Admin_Integration_Test"/>
      </group> <!-- Regression -->
      <group name="Smoke">
        <method signature="EditDashboard_To_Allrestaurants_Admin_Integration_Test.editDashboard_To_Allrestaurants_Admin_Integration_Test()[pri:0, instance:com.HungerMantra.Restaurants.EditDashboard_To_Allrestaurants_Admin_Integration_Test@4afcd809]" name="editDashboard_To_Allrestaurants_Admin_Integration_Test" class="com.HungerMantra.Restaurants.EditDashboard_To_Allrestaurants_Admin_Integration_Test"/>
      </group> <!-- Smoke -->
    </groups>
    <test started-at="2023-11-30T16:21:45 IST" name="Default test" finished-at="2023-11-30T16:22:19 IST" duration-ms="33727">
      <class name="com.HungerMantra.Restaurants.EditDashboard_To_Allrestaurants_Admin_Integration_Test">
        <test-method is-config="true" signature="connectDB()[pri:0, instance:com.HungerMantra.Restaurants.EditDashboard_To_Allrestaurants_Admin_Integration_Test@4afcd809]" started-at="2023-11-30T16:21:40 IST" name="connectDB" finished-at="2023-11-30T16:21:45 IST" duration-ms="5322" status="PASS">
          <reporter-output>
          </reporter-output>
        </test-method> <!-- connectDB -->
        <test-method is-config="true" signature="launchBrowser()[pri:0, instance:com.HungerMantra.Restaurants.EditDashboard_To_Allrestaurants_Admin_Integration_Test@4afcd809]" started-at="2023-11-30T16:21:45 IST" name="launchBrowser" finished-at="2023-11-30T16:21:55 IST" duration-ms="9807" status="PASS">
          <reporter-output>
          </reporter-output>
        </test-method> <!-- launchBrowser -->
        <test-method is-config="true" signature="adminLogin()[pri:0, instance:com.HungerMantra.Restaurants.EditDashboard_To_Allrestaurants_Admin_Integration_Test@4afcd809]" started-at="2023-11-30T16:21:55 IST" name="adminLogin" finished-at="2023-11-30T16:21:56 IST" duration-ms="1017" status="PASS">
          <reporter-output>
          </reporter-output>
        </test-method> <!-- adminLogin -->
        <test-method signature="editDashboard_To_Allrestaurants_Admin_Integration_Test()[pri:0, instance:com.HungerMantra.Restaurants.EditDashboard_To_Allrestaurants_Admin_Integration_Test@4afcd809]" started-at="2023-11-30T16:21:56 IST" name="editDashboard_To_Allrestaurants_Admin_Integration_Test" finished-at="2023-11-30T16:22:18 IST" duration-ms="21716" status="PASS">
          <reporter-output>
          </reporter-output>
        </test-method> <!-- editDashboard_To_Allrestaurants_Admin_Integration_Test -->
        <test-method is-config="true" signature="logout()[pri:0, instance:com.HungerMantra.Restaurants.EditDashboard_To_Allrestaurants_Admin_Integration_Test@4afcd809]" started-at="2023-11-30T16:22:18 IST" name="logout" finished-at="2023-11-30T16:22:18 IST" duration-ms="706" status="PASS">
          <reporter-output>
          </reporter-output>
        </test-method> <!-- logout -->
        <test-method is-config="true" signature="closeBrowser()[pri:0, instance:com.HungerMantra.Restaurants.EditDashboard_To_Allrestaurants_Admin_Integration_Test@4afcd809]" started-at="2023-11-30T16:22:18 IST" name="closeBrowser" finished-at="2023-11-30T16:22:19 IST" duration-ms="366" status="PASS">
          <reporter-output>
          </reporter-output>
        </test-method> <!-- closeBrowser -->
        <test-method is-config="true" signature="closeDB()[pri:0, instance:com.HungerMantra.Restaurants.EditDashboard_To_Allrestaurants_Admin_Integration_Test@4afcd809]" started-at="2023-11-30T16:22:19 IST" name="closeDB" finished-at="2023-11-30T16:22:19 IST" duration-ms="15" status="PASS">
          <reporter-output>
          </reporter-output>
        </test-method> <!-- closeDB -->
      </class> <!-- com.HungerMantra.Restaurants.EditDashboard_To_Allrestaurants_Admin_Integration_Test -->
    </test> <!-- Default test -->
  </suite> <!-- Default suite -->
</testng-results>
